<?xml version="1.0" encoding="UTF-8"?>
<testsuite name="org.moodNullAnalyzer.NullMoodTest" tests="1" skipped="0" failures="0" errors="0" timestamp="2023-01-27T08:20:23" hostname="LAPTOP-SMH2RGR5" time="0.027">
  <properties/>
  <testcase name="given_Any_Other_Message_ShouldReturnHappy()" classname="org.moodNullAnalyzer.NullMoodTest" time="0.027"/>
  <system-out><![CDATA[happy
]]></system-out>
  <system-err><![CDATA[]]></system-err>
</testsuite>
